GROUP,PACKAGE,CLASS,INSTRUCTION_MISSED,INSTRUCTION_COVERED,BRANCH_MISSED,BRANCH_COVERED,LINE_MISSED,LINE_COVERED,COMPLEXITY_MISSED,COMPLEXITY_COVERED,METHOD_MISSED,METHOD_COVERED
ASSURANCE NATION,com.assurance.nation.mapper,PrescriptionMapper,68,3,6,0,16,1,4,1,1,1
ASSURANCE NATION,com.assurance.nation.mapper,ReimbursementMapper,18,61,2,2,3,16,2,2,0,2
ASSURANCE NATION,com.assurance.nation.mapper,ConsultationMapper,5,64,1,1,1,14,1,2,0,2
ASSURANCE NATION,com.assurance.nation.mapper,UserMapper,0,71,1,1,0,18,1,3,0,3
ASSURANCE NATION,com.assurance.nation.entity.enums,UserType,0,21,0,0,0,4,0,1,0,1
ASSURANCE NATION,com.assurance.nation.entity.enums,Sexe,0,15,0,0,0,3,0,1,0,1
ASSURANCE NATION,com.assurance.nation.entity.enums,Specialite,0,15,0,0,0,3,0,1,0,1
ASSURANCE NATION,com.assurance.nation.entity.enums,AuditAction,0,21,0,0,0,4,0,1,0,1
ASSURANCE NATION,com.assurance.nation.entity.enums,ModePaiement,0,15,0,0,0,3,0,1,0,1
ASSURANCE NATION,com.assurance.nation.entity.enums,ReimbursementStatus,0,27,0,0,0,5,0,1,0,1
ASSURANCE NATION,com.assurance.nation.entity.enums,RoleName,0,27,0,0,0,5,0,1,0,1
ASSURANCE NATION,com.assurance.nation.entity.enums,PrescriptionType,0,15,0,0,0,3,0,1,0,1
ASSURANCE NATION,com.assurance.nation.entity.enums,TypeConsultation,0,15,0,0,0,3,0,1,0,1
ASSURANCE NATION,com.assurance.nation.security,SecurityUtil,6,22,2,4,1,6,2,2,0,1
ASSURANCE NATION,com.assurance.nation.security,CustomUserDetailsService,41,6,0,0,8,1,3,1,3,1
ASSURANCE NATION,com.assurance.nation.security,JwtAuthenticationFilter,66,9,8,0,14,1,6,1,2,1
ASSURANCE NATION,com.assurance.nation.security,RoleChecker,44,32,9,1,10,9,8,5,3,5
ASSURANCE NATION,com.assurance.nation.security,OwnershipService,92,120,13,13,21,25,20,7,9,5
ASSURANCE NATION,com.assurance.nation,AssuranceNationApplication,5,3,0,0,2,1,1,1,1,1
ASSURANCE NATION,com.assurance.nation.controller,AuthController,37,6,0,0,7,1,5,1,5,1
ASSURANCE NATION,com.assurance.nation.controller,GlobalExceptionHandler,94,3,2,0,20,1,6,1,5,1
ASSURANCE NATION,com.assurance.nation.controller,PrescriptionController,47,6,2,0,8,1,6,1,5,1
ASSURANCE NATION,com.assurance.nation.controller,MedicalRecordController,35,6,0,0,4,1,4,1,4,1
ASSURANCE NATION,com.assurance.nation.controller,AssureController,50,6,0,0,8,1,7,1,7,1
ASSURANCE NATION,com.assurance.nation.controller,MedecinController,43,6,0,0,7,1,6,1,6,1
ASSURANCE NATION,com.assurance.nation.controller,HealthController,73,6,4,0,15,1,5,1,3,1
ASSURANCE NATION,com.assurance.nation.controller,ConsultationController,42,6,0,0,7,1,5,1,5,1
ASSURANCE NATION,com.assurance.nation.controller,UserController,50,9,0,0,8,1,6,1,6,1
ASSURANCE NATION,com.assurance.nation.controller,ReimbursementController,88,9,2,0,15,1,9,1,8,1
ASSURANCE NATION,com.assurance.nation.service,ConsultationService,49,337,8,16,2,74,14,11,6,7
ASSURANCE NATION,com.assurance.nation.service,AuditService,8,82,2,2,2,21,3,4,1,4
ASSURANCE NATION,com.assurance.nation.service,UserService,73,252,14,16,5,50,18,7,4,6
ASSURANCE NATION,com.assurance.nation.service,AssureService,159,273,13,9,27,62,18,11,8,10
ASSURANCE NATION,com.assurance.nation.service,MedecinService,121,228,14,8,20,50,15,9,4,9
ASSURANCE NATION,com.assurance.nation.service,PrescriptionService,44,229,4,6,5,48,7,10,3,9
ASSURANCE NATION,com.assurance.nation.service,ReimbursementService,159,682,15,17,32,145,16,17,3,14
ASSURANCE NATION,com.assurance.nation.service,AuthService,100,270,5,6,23,59,9,9,4,8
ASSURANCE NATION,com.assurance.nation.service,MedicalRecordService,17,152,4,4,2,32,4,8,1,7
ASSURANCE NATION,com.assurance.nation.service,RoleAssignmentService,0,34,0,0,0,7,0,3,0,3
ASSURANCE NATION,com.assurance.nation.service,EmailService,0,40,0,0,0,12,0,3,0,3
ASSURANCE NATION,com.assurance.nation.service,NotificationService,27,91,0,0,10,31,2,7,2,7
ASSURANCE NATION,com.assurance.nation.entity,Assure,18,51,0,0,4,10,5,11,5,11
ASSURANCE NATION,com.assurance.nation.entity,Permission.PermissionBuilder,37,0,0,0,1,0,6,0,6,0
ASSURANCE NATION,com.assurance.nation.entity,Assureur,0,7,0,0,0,3,0,2,0,2
ASSURANCE NATION,com.assurance.nation.entity,RefreshToken,19,41,0,0,1,8,5,8,5,8
ASSURANCE NATION,com.assurance.nation.entity,Role.RoleBuilder,26,32,1,1,0,1,4,4,3,4
ASSURANCE NATION,com.assurance.nation.entity,Role,25,32,0,0,4,4,7,5,7,5
ASSURANCE NATION,com.assurance.nation.entity,MedicalRecord.MedicalRecordBuilder,37,60,0,0,0,1,3,9,3,9
ASSURANCE NATION,com.assurance.nation.entity,PrescriptionConsultation,20,15,0,0,6,2,6,4,6,4
ASSURANCE NATION,com.assurance.nation.entity,Permission,37,3,0,0,6,1,8,1,8,1
ASSURANCE NATION,com.assurance.nation.entity,Reimbursement.ReimbursementBuilder,57,78,0,0,0,1,5,11,5,11
ASSURANCE NATION,com.assurance.nation.entity,User,60,76,0,0,1,15,5,21,5,21
ASSURANCE NATION,com.assurance.nation.entity,Consultation,23,94,0,0,1,13,6,18,6,18
ASSURANCE NATION,com.assurance.nation.entity,AuditLog.AuditLogBuilder,34,60,0,0,0,1,3,9,3,9
ASSURANCE NATION,com.assurance.nation.entity,Reimbursement,53,105,2,0,8,16,12,20,11,20
ASSURANCE NATION,com.assurance.nation.entity,BaseAuditableEntity,19,28,1,1,3,10,6,6,5,6
ASSURANCE NATION,com.assurance.nation.entity,Consultation.ConsultationBuilder,42,74,1,1,0,1,4,10,3,10
ASSURANCE NATION,com.assurance.nation.entity,AuditLog,49,58,2,0,6,10,13,10,12,10
ASSURANCE NATION,com.assurance.nation.entity,RefreshToken.RefreshTokenBuilder,20,37,0,0,0,1,2,6,2,6
ASSURANCE NATION,com.assurance.nation.entity,PrescriptionMedicament,16,19,0,0,6,2,5,5,5,5
ASSURANCE NATION,com.assurance.nation.entity,Prescription,19,17,0,0,2,4,3,5,3,5
ASSURANCE NATION,com.assurance.nation.entity,MedicalRecord,20,80,0,0,0,13,5,16,5,16
ASSURANCE NATION,com.assurance.nation.entity,Medecin,18,34,0,0,4,7,5,7,5,7
ASSURANCE NATION,com.assurance.nation.config,JacksonConfig,0,15,0,0,0,4,0,2,0,2
ASSURANCE NATION,com.assurance.nation.config,DataInitializer,0,109,1,3,0,21,1,5,0,4
ASSURANCE NATION,com.assurance.nation.config,JpaConfig,0,3,0,0,0,1,0,1,0,1
ASSURANCE NATION,com.assurance.nation.config,JwtTokenProvider,17,84,0,0,5,25,3,6,3,6
ASSURANCE NATION,com.assurance.nation.config,SecurityConfig,0,108,0,0,0,19,0,8,0,8
ASSURANCE NATION,com.assurance.nation.config,JwtProperties,3,27,0,0,0,5,1,6,1,6
ASSURANCE NATION,com.assurance.nation.config,AsyncConfig,0,3,0,0,0,1,0,1,0,1
ASSURANCE NATION,com.assurance.nation.config,OpenApiConfig,0,42,0,0,0,13,0,2,0,2
ASSURANCE NATION,com.assurance.nation.config,CorsConfig,0,41,0,0,0,9,0,2,0,2
ASSURANCE NATION,com.assurance.nation.config,WebConfig,0,3,0,0,0,1,0,1,0,1
ASSURANCE NATION,com.assurance.nation.dto,PrescriptionDTO.CreateRequest,355,42,78,0,0,10,49,13,10,13
ASSURANCE NATION,com.assurance.nation.dto,PrescriptionDTO.Response,476,3,94,0,11,1,73,1,26,1
ASSURANCE NATION,com.assurance.nation.dto,UserDTO.ChangePasswordRequest,131,24,30,0,0,4,19,7,4,7
ASSURANCE NATION,com.assurance.nation.dto,MedicalRecordDTO.Response,344,45,74,0,7,3,48,12,11,12
ASSURANCE NATION,com.assurance.nation.dto,UserDTO.PageResponse,147,29,22,0,3,3,18,8,7,8
ASSURANCE NATION,com.assurance.nation.dto,AssureDTO.UpdateAssureRequest,176,19,38,0,0,5,26,6,7,6
ASSURANCE NATION,com.assurance.nation.dto,AssureDTO.UpdateMedecinTraitantRequest,66,10,14,0,0,2,11,3,4,3
ASSURANCE NATION,com.assurance.nation.dto,ConsultationDTO.UpdateRequest,248,29,54,0,0,7,35,9,8,9
ASSURANCE NATION,com.assurance.nation.dto,PageDTO,176,51,22,0,11,9,20,8,9,8
ASSURANCE NATION,com.assurance.nation.dto,ReimbursementDTO.Response,548,56,118,0,11,4,77,15,18,15
ASSURANCE NATION,com.assurance.nation.dto,ConsultationDTO.CancelRequest,98,21,22,0,0,3,15,5,4,5
ASSURANCE NATION,com.assurance.nation.dto,UserDTO.UserResponse,421,100,95,7,9,4,62,18,11,18
ASSURANCE NATION,com.assurance.nation.dto,MedecinDTO.RegisterMedecinRequest,292,51,66,0,0,9,39,15,6,15
ASSURANCE NATION,com.assurance.nation.dto,AssureDTO.AssureResponse,340,45,74,0,7,3,48,12,11,12
ASSURANCE NATION,com.assurance.nation.dto,ErrorDTO.ErrorDTOBuilder,65,0,0,0,1,0,9,0,9,0
ASSURANCE NATION,com.assurance.nation.dto,AssureDTO.RegisterAssureRequest,310,47,70,0,0,9,42,14,7,14
ASSURANCE NATION,com.assurance.nation.dto,ErrorDTO,285,0,48,0,10,0,43,0,19,0
ASSURANCE NATION,com.assurance.nation.dto,MedecinDTO.MedecinResponse,264,40,58,0,4,4,37,11,8,11
ASSURANCE NATION,com.assurance.nation.dto,AuthDTO.ValidateTokenRequest,75,0,14,0,2,0,14,0,7,0
ASSURANCE NATION,com.assurance.nation.dto,AuthDTO.LoginRequest,98,17,22,0,0,3,15,5,4,5
ASSURANCE NATION,com.assurance.nation.dto,AuthDTO.ValidateTokenResponse,118,24,26,0,0,4,17,7,4,7
ASSURANCE NATION,com.assurance.nation.dto,AuthDTO.RegisterRequest,637,43,134,0,12,5,92,12,25,12
ASSURANCE NATION,com.assurance.nation.dto,ReimbursementDTO.DashboardResponse,303,51,48,0,5,5,33,14,9,14
ASSURANCE NATION,com.assurance.nation.dto,ReimbursementDTO.ListStatistics,130,18,24,0,2,2,18,5,6,5
ASSURANCE NATION,com.assurance.nation.dto,ConsultationDTO.Response,435,46,94,0,10,2,62,12,15,12
ASSURANCE NATION,com.assurance.nation.dto,UserDTO.UpdateUserRequest,326,31,70,0,0,9,46,10,11,10
ASSURANCE NATION,com.assurance.nation.dto,MedicalRecordDTO.UpdateRequest,103,13,22,0,0,3,16,4,5,4
ASSURANCE NATION,com.assurance.nation.dto,PrescriptionDTO.DeleteRequest,75,0,14,0,2,0,14,0,7,0
ASSURANCE NATION,com.assurance.nation.dto,ReimbursementDTO.MonthlyStat,147,0,24,0,4,0,23,0,11,0
ASSURANCE NATION,com.assurance.nation.dto,AuthDTO.TokenResponse,171,21,32,0,3,3,25,5,9,5
ASSURANCE NATION,com.assurance.nation.dto,ConsultationDTO.CreateRequest,241,37,54,0,0,7,33,11,6,11
ASSURANCE NATION,com.assurance.nation.dto,MedecinDTO.UpdateMedecinRequest,214,22,46,0,0,6,31,7,8,7
ASSURANCE NATION,com.assurance.nation.dto,ReimbursementDTO.CreateRequest,175,23,38,0,0,5,25,7,6,7
ASSURANCE NATION,com.assurance.nation.dto,AuthDTO.AuthResponse,244,29,48,0,5,3,35,7,11,7
ASSURANCE NATION,com.assurance.nation.dto,AuthDTO.RefreshRequest,65,10,14,0,0,2,11,3,4,3
ASSURANCE NATION,com.assurance.nation.dto,ReimbursementDTO.RejectRequest,65,10,14,0,0,2,11,3,4,3
ASSURANCE NATION,com.assurance.nation.dto,ReimbursementDTO.PageResponse,184,33,30,0,4,3,23,9,8,9
ASSURANCE NATION,com.assurance.nation.dto,ReimbursementDTO.SpecialiteStat,97,11,16,0,2,1,14,3,6,3
ASSURANCE NATION,com.assurance.nation.util,DateUtil,8,0,0,0,3,0,3,0,3,0
ASSURANCE NATION,com.assurance.nation.util,PdfGenerator,11,128,1,1,1,21,1,2,0,2
ASSURANCE NATION,com.assurance.nation.util,ValidationUtil,16,58,8,12,4,16,7,10,1,6
ASSURANCE NATION,com.assurance.nation.exception,BusinessException,0,5,0,0,0,2,0,1,0,1
ASSURANCE NATION,com.assurance.nation.exception,UnauthorizedException,0,5,0,0,0,2,0,1,0,1
ASSURANCE NATION,com.assurance.nation.exception,ResourceNotFoundException,5,0,0,0,2,0,1,0,1,0
ASSURANCE NATION,com.assurance.nation.exception,ValidationException,0,5,0,0,0,2,0,1,0,1
ASSURANCE NATION,com.assurance.nation.exception,ApiException,3,7,0,0,1,3,1,1,1,1
ASSURANCE NATION,com.assurance.nation.exception,DuplicateResourceException,5,0,0,0,2,0,1,0,1,0
